[debug] [2019-11-13T19:10:38.307Z] ----------------------------------------------------------------------
[debug] [2019-11-13T19:10:38.309Z] Command:       /usr/local/Cellar/node@10/10.16.0/bin/node /usr/local/bin/firebase deploy
[debug] [2019-11-13T19:10:38.309Z] CLI Version:   7.5.0
[debug] [2019-11-13T19:10:38.309Z] Platform:      darwin
[debug] [2019-11-13T19:10:38.309Z] Node Version:  v10.16.0
[debug] [2019-11-13T19:10:38.310Z] Time:          Wed Nov 13 2019 19:10:38 GMT+0000 (Greenwich Mean Time)
[debug] [2019-11-13T19:10:38.310Z] ----------------------------------------------------------------------
[debug] 
[debug] [2019-11-13T19:10:38.316Z] > command requires scopes: ["email","openid","https://www.googleapis.com/auth/cloudplatformprojects.readonly","https://www.googleapis.com/auth/firebase","https://www.googleapis.com/auth/cloud-platform"]
[debug] [2019-11-13T19:10:38.317Z] > authorizing via signed-in user
[debug] [2019-11-13T19:10:38.317Z] [iam] checking project studio85 for permissions ["firebase.projects.get","firebasehosting.sites.update"]
[debug] [2019-11-13T19:10:38.318Z] > refreshing access token with scopes: ["email","https://www.googleapis.com/auth/cloud-platform","https://www.googleapis.com/auth/cloudplatformprojects.readonly","https://www.googleapis.com/auth/firebase","openid"]
[debug] [2019-11-13T19:10:38.318Z] >>> HTTP REQUEST POST https://www.googleapis.com/oauth2/v3/token  
 <request body omitted>
[debug] [2019-11-13T19:10:38.431Z] <<< HTTP RESPONSE 200
[debug] [2019-11-13T19:10:38.450Z] >>> HTTP REQUEST POST https://cloudresourcemanager.googleapis.com/v1/projects/studio85:testIamPermissions  

[debug] [2019-11-13T19:10:39.249Z] <<< HTTP RESPONSE 200
[debug] [2019-11-13T19:10:39.251Z] >>> HTTP REQUEST GET https://firebase.googleapis.com/v1beta1/projects/studio85  
 
[debug] [2019-11-13T19:10:39.645Z] <<< HTTP RESPONSE 200
[info] 
[info] === Deploying to 'studio85'...
[info] 
[info] i  deploying hosting
[debug] [2019-11-13T19:10:39.650Z] >>> HTTP REQUEST POST https://firebasehosting.googleapis.com/v1beta1/sites/studio85/versions  

